This is TeX, Version 3.14159 (Web2C 7.3.1) (format=jadetex 2003.7.25)  9 AUG 2003 14:48
**&jadetex README.tex
(README.tex
JadeTeX 2002/01/25: 3.12
LaTeX Font Info:    Try loading font information for T1+ptm on input line 1.
(/usr/local/share/texmf/tex/latex/psnfss/t1ptm.fd
File: t1ptm.fd 1998/07/06 Fontinst v1.800 font definitions for T1/ptm.
)
Elements will be labelled
Jade begin document sequence at 21
(README.aux)
\openout1 = `README.aux'.

LaTeX Font Info:    Checking defaults for OML/cmm/m/it on input line 21.
LaTeX Font Info:    ... okay on input line 21.
LaTeX Font Info:    Checking defaults for T1/cmr/m/n on input line 21.
LaTeX Font Info:    ... okay on input line 21.
LaTeX Font Info:    Checking defaults for OT1/cmr/m/n on input line 21.
LaTeX Font Info:    ... okay on input line 21.
LaTeX Font Info:    Checking defaults for OMS/cmsy/m/n on input line 21.
LaTeX Font Info:    ... okay on input line 21.
LaTeX Font Info:    Checking defaults for OMX/cmex/m/n on input line 21.
LaTeX Font Info:    ... okay on input line 21.
LaTeX Font Info:    Checking defaults for U/cmr/m/n on input line 21.
LaTeX Font Info:    ... okay on input line 21.
LaTeX Font Info:    Checking defaults for PD1/pdf/m/n on input line 21.
LaTeX Font Info:    ... okay on input line 21.
LaTeX Font Info:    Checking defaults for T2A/cmr/m/n on input line 21.
LaTeX Font Info:    Try loading font information for T2A+cmr on input line 21.
 (/usr/local/share/texmf/tex/latex/cyrillic/t2acmr.fd
File: t2acmr.fd 1999/01/07 v1.0 Computer Modern Cyrillic font definitions
)
LaTeX Font Info:    ... okay on input line 21.
LaTeX Font Info:    Checking defaults for TS1/cmr/m/n on input line 21.
LaTeX Font Info:    Try loading font information for TS1+cmr on input line 21.

(/usr/local/share/texmf/tex/latex/ts1cmr.fd
File: ts1cmr.fd 1999/05/25 v2.5h Standard LaTeX font definitions
)
LaTeX Font Info:    ... okay on input line 21.
LaTeX Font Info:    Checking defaults for LECO/omseco/m/n on input line 21.
LaTeX Font Info:    ... okay on input line 21.
LaTeX Font Info:    Checking defaults for LECX/omsecx/m/n on input line 21.
LaTeX Font Info:    ... okay on input line 21.
LaTeX Font Info:    Checking defaults for LECY/omsecy/m/n on input line 21.
LaTeX Font Info:    ... okay on input line 21.
LaTeX Font Info:    Checking defaults for LEGR/omsegr/m/n on input line 21.
LaTeX Font Info:    ... okay on input line 21.
LaTeX Font Info:    Checking defaults for LEHA/omseha/m/n on input line 21.
LaTeX Font Info:    ... okay on input line 21.
LaTeX Font Info:    Checking defaults for LEIP/omseip/m/n on input line 21.
LaTeX Font Info:    ... okay on input line 21.
LaTeX Font Info:    Checking defaults for LELA/omsela/m/n on input line 21.
LaTeX Font Info:    ... okay on input line 21.
LaTeX Font Info:    Checking defaults for LETI/omseti/m/n on input line 21.
LaTeX Font Info:    ... okay on input line 21.
Package hyperref Info: Link coloring ON on input line 21.

(/usr/local/share/texmf/tex/latex/hyperref/nameref.sty
Package: nameref 2000/01/19 v2.17 Cross-referencing by name of section
\c@section@level=\count114
)
LaTeX Info: Redefining \ref on input line 21.
LaTeX Info: Redefining \pageref on input line 21.
LaTeX Font Info:    Try loading font information for T1+phv on input line 101.

(/usr/local/share/texmf/tex/latex/psnfss/t1phv.fd
File: t1phv.fd 1998/07/06 Fontinst v1.800 font definitions for T1/phv.
)
LaTeX Font Info:    Font shape `T1/phv/bx/n' in size <24.883> not available
(Font)              Font shape `T1/phv/b/n' tried instead on input line 101.
LaTeX Font Info:    Font shape `T1/phv/bx/n' in size <17.28> not available
(Font)              Font shape `T1/phv/b/n' tried instead on input line 124.
 [1.0.9]
LaTeX Font Info:    Font shape `T1/phv/bx/n' in size <10> not available
(Font)              Font shape `T1/phv/b/n' tried instead on input line 189.
LaTeX Font Info:    Try loading font information for TS1+ptm on input line 204.


(/usr/local/share/texmf/tex/latex/psnfss/ts1ptm.fd
File: ts1ptm.fd 1998/07/06 Fontinst v1.800 font definitions for TS1/ptm.
) [2.0.9

]
LaTeX Font Info:    Font shape `T1/phv/bx/n' in size <20.736> not available
(Font)              Font shape `T1/phv/b/n' tried instead on input line 321.
LaTeX Font Info:    Font shape `T1/phv/bx/it' in size <17.28> not available
(Font)              Font shape `T1/phv/b/it' tried instead on input line 347.
LaTeX Font Info:    Font shape `T1/phv/b/it' in size <17.28> not available
(Font)              Font shape `T1/phv/b/sl' tried instead on input line 347.
 [1.0.9

]
LaTeX Font Info:    Try loading font information for T1+pcr on input line 605.

(/usr/local/share/texmf/tex/latex/psnfss/t1pcr.fd
File: t1pcr.fd 1998/07/06 Fontinst v1.800 font definitions for T1/pcr.
) [1.0.9

] [2.0.9] [3.0.9

]
[4.0.9

] (README.aux) ) 
Here is how much of TeX's memory you used:
 364 strings out of 41195
 4671 string characters out of 352165
 134485 words of memory out of 263001
 12950 multiletter control sequences out of 10000+15000
 17418 words of font info for 27 fonts, out of 400000 for 1000
 14 hyphenation exceptions out of 1000
 26i,11n,39p,214b,822s stack positions out of 1500i,500n,1500p,50000b,5000s

Output written on README.dvi (7 pages, 9544 bytes).
